0 info it worked if it ends with ok
1 verbose cli [ '/home/ubuntu/.nvm/v0.10.33/bin/node',
1 verbose cli   '/home/ubuntu/.nvm/v0.10.33/bin/npm',
1 verbose cli   'install',
1 verbose cli   'cookie-parser,',
1 verbose cli   'express-session',
1 verbose cli   '--save' ]
2 info using npm@1.4.28
3 info using node@v0.10.33
4 warn package.json Logtimize@1.0.0 No README data
5 info shrinkwrap file "/home/ubuntu/workspace/npm-shrinkwrap.json"
6 verbose readDependencies returned deps { 'body-parser': 'https://registry.npmjs.org/body-parser/-/body-parser-1.12.0.tgz',
6 verbose readDependencies returned deps   express: 'https://registry.npmjs.org/express/-/express-4.10.7.tgz',
6 verbose readDependencies returned deps   jade: 'https://registry.npmjs.org/jade/-/jade-1.9.2.tgz',
6 verbose readDependencies returned deps   mongoose: 'https://registry.npmjs.org/mongoose/-/mongoose-4.0.1.tgz',
6 verbose readDependencies returned deps   morgan: 'https://registry.npmjs.org/morgan/-/morgan-1.5.1.tgz',
6 verbose readDependencies returned deps   passport: 'https://registry.npmjs.org/passport/-/passport-0.2.1.tgz',
6 verbose readDependencies returned deps   'passport-local': 'https://registry.npmjs.org/passport-local/-/passport-local-1.0.0.tgz' }
7 verbose cache add [ 'cookie-parser,', null ]
8 verbose cache add name=undefined spec="cookie-parser," args=["cookie-parser,",null]
9 verbose parsed url { protocol: null,
9 verbose parsed url   slashes: null,
9 verbose parsed url   auth: null,
9 verbose parsed url   host: null,
9 verbose parsed url   port: null,
9 verbose parsed url   hostname: null,
9 verbose parsed url   hash: null,
9 verbose parsed url   search: null,
9 verbose parsed url   query: null,
9 verbose parsed url   pathname: 'cookie-parser,',
9 verbose parsed url   path: 'cookie-parser,',
9 verbose parsed url   href: 'cookie-parser,' }
10 verbose cache add [ 'express-session', null ]
11 verbose cache add name=undefined spec="express-session" args=["express-session",null]
12 verbose parsed url { protocol: null,
12 verbose parsed url   slashes: null,
12 verbose parsed url   auth: null,
12 verbose parsed url   host: null,
12 verbose parsed url   port: null,
12 verbose parsed url   hostname: null,
12 verbose parsed url   hash: null,
12 verbose parsed url   search: null,
12 verbose parsed url   query: null,
12 verbose parsed url   pathname: 'express-session',
12 verbose parsed url   path: 'express-session',
12 verbose parsed url   href: 'express-session' }
13 silly lockFile 71f4e657-cookie-parser cookie-parser,
14 verbose lock cookie-parser, /home/ubuntu/.npm/71f4e657-cookie-parser.lock
15 silly lockFile 6ca9c35e-express-session express-session
16 verbose lock express-session /home/ubuntu/.npm/6ca9c35e-express-session.lock
17 silly lockFile 71f4e657-cookie-parser cookie-parser,
18 silly lockFile 71f4e657-cookie-parser cookie-parser,
19 verbose addNamed [ 'cookie-parser,', '' ]
20 verbose addNamed [ null, '*' ]
21 silly lockFile 3f03123a-cookie-parser cookie-parser,@
22 verbose lock cookie-parser,@ /home/ubuntu/.npm/3f03123a-cookie-parser.lock
23 silly lockFile 6ca9c35e-express-session express-session
24 silly lockFile 6ca9c35e-express-session express-session
25 silly addNameRange { name: 'cookie-parser,', range: '*', hasData: false }
26 verbose addNamed [ 'express-session', '' ]
27 verbose addNamed [ null, '*' ]
28 silly lockFile 03cac062-express-session express-session@
29 verbose lock express-session@ /home/ubuntu/.npm/03cac062-express-session.lock
30 verbose request where is /cookie-parser,
31 verbose request registry https://registry.npmjs.org/
32 verbose request id 07361d93b99224c1
33 verbose url raw /cookie-parser,
34 verbose url resolving [ 'https://registry.npmjs.org/', './cookie-parser%2C' ]
35 verbose url resolved https://registry.npmjs.org/cookie-parser%2C
36 verbose request where is https://registry.npmjs.org/cookie-parser%2C
37 info trying registry request attempt 1 at 11:15:30
38 http GET https://registry.npmjs.org/cookie-parser%2C
39 silly addNameRange { name: 'express-session', range: '*', hasData: false }
40 verbose request where is /express-session
41 verbose request registry https://registry.npmjs.org/
42 verbose url raw /express-session
43 verbose url resolving [ 'https://registry.npmjs.org/', './express-session' ]
44 verbose url resolved https://registry.npmjs.org/express-session
45 verbose request where is https://registry.npmjs.org/express-session
46 info trying registry request attempt 1 at 11:15:30
47 http GET https://registry.npmjs.org/express-session
48 http 200 https://registry.npmjs.org/express-session
49 silly registry.get cb [ 200,
49 silly registry.get   { date: 'Wed, 01 Apr 2015 11:15:30 GMT',
49 silly registry.get     server: 'CouchDB/1.5.0 (Erlang OTP/R16B03)',
49 silly registry.get     etag: '"2RJS7MBMRMYQLERH2TT21407P"',
49 silly registry.get     'content-type': 'application/json',
49 silly registry.get     'cache-control': 'max-age=60',
49 silly registry.get     'content-length': '75985',
49 silly registry.get     'accept-ranges': 'bytes',
49 silly registry.get     via: '1.1 varnish',
49 silly registry.get     age: '6',
49 silly registry.get     'x-served-by': 'cache-lhr6334-LHR',
49 silly registry.get     'x-cache': 'HIT',
49 silly registry.get     'x-cache-hits': '1',
49 silly registry.get     'x-timer': 'S1427886930.956225,VS0,VE1',
49 silly registry.get     vary: 'Accept',
49 silly registry.get     'keep-alive': 'timeout=10, max=50',
49 silly registry.get     connection: 'Keep-Alive' } ]
50 silly addNameRange number 2 { name: 'express-session', range: '*', hasData: true }
51 silly addNameRange versions [ 'express-session',
51 silly addNameRange   [ '1.0.0',
51 silly addNameRange     '1.0.1',
51 silly addNameRange     '1.0.2',
51 silly addNameRange     '1.0.3',
51 silly addNameRange     '1.0.4',
51 silly addNameRange     '1.1.0',
51 silly addNameRange     '1.2.0',
51 silly addNameRange     '1.2.1',
51 silly addNameRange     '1.3.0',
51 silly addNameRange     '1.3.1',
51 silly addNameRange     '1.4.0',
51 silly addNameRange     '1.5.0',
51 silly addNameRange     '1.5.1',
51 silly addNameRange     '1.5.2',
51 silly addNameRange     '1.6.0',
51 silly addNameRange     '1.6.1',
51 silly addNameRange     '1.6.2',
51 silly addNameRange     '1.6.3',
51 silly addNameRange     '1.6.4',
51 silly addNameRange     '1.6.5',
51 silly addNameRange     '1.7.0',
51 silly addNameRange     '1.7.1',
51 silly addNameRange     '1.7.2',
51 silly addNameRange     '1.7.3',
51 silly addNameRange     '1.7.4',
51 silly addNameRange     '1.7.5',
51 silly addNameRange     '1.7.6',
51 silly addNameRange     '1.8.0',
51 silly addNameRange     '1.8.1',
51 silly addNameRange     '1.8.2',
51 silly addNameRange     '1.9.0',
51 silly addNameRange     '1.9.1',
51 silly addNameRange     '1.9.2',
51 silly addNameRange     '1.9.3',
51 silly addNameRange     '1.10.0',
51 silly addNameRange     '1.10.1',
51 silly addNameRange     '1.10.2',
51 silly addNameRange     '1.10.3',
51 silly addNameRange     '1.10.4' ] ]
52 verbose addNamed [ 'express-session', '1.10.4' ]
53 verbose addNamed [ '1.10.4', '1.10.4' ]
54 silly lockFile e9a6042f-express-session-1-10-4 express-session@1.10.4
55 verbose lock express-session@1.10.4 /home/ubuntu/.npm/e9a6042f-express-session-1-10-4.lock
56 silly lockFile 783398c5-ssion-express-session-1-10-4-tgz https://registry.npmjs.org/express-session/-/express-session-1.10.4.tgz
57 verbose lock https://registry.npmjs.org/express-session/-/express-session-1.10.4.tgz /home/ubuntu/.npm/783398c5-ssion-express-session-1-10-4-tgz.lock
58 verbose addRemoteTarball [ 'https://registry.npmjs.org/express-session/-/express-session-1.10.4.tgz',
58 verbose addRemoteTarball   '04e1d92e00593893e1f76569eb3ad63113daf94c' ]
59 info retry fetch attempt 1 at 11:15:31
60 verbose fetch to= /tmp/npm-7662-1PPihYNP/registry.npmjs.org/express-session/-/express-session-1.10.4.tgz
61 http GET https://registry.npmjs.org/express-session/-/express-session-1.10.4.tgz
62 http 404 https://registry.npmjs.org/cookie-parser%2C
63 verbose headers { date: 'Wed, 01 Apr 2015 11:15:31 GMT',
63 verbose headers   server: 'CouchDB/1.5.0 (Erlang OTP/R16B03)',
63 verbose headers   'content-type': 'application/json',
63 verbose headers   'cache-control': 'max-age=0',
63 verbose headers   'content-length': '51',
63 verbose headers   'accept-ranges': 'bytes',
63 verbose headers   via: '1.1 varnish',
63 verbose headers   age: '0',
63 verbose headers   'x-served-by': 'cache-lcy1133-LCY',
63 verbose headers   'x-cache': 'MISS',
63 verbose headers   'x-cache-hits': '0',
63 verbose headers   'x-timer': 'S1427886930.908681,VS0,VE162',
63 verbose headers   'keep-alive': 'timeout=10, max=50',
63 verbose headers   connection: 'Keep-Alive' }
64 silly registry.get cb [ 404,
64 silly registry.get   { date: 'Wed, 01 Apr 2015 11:15:31 GMT',
64 silly registry.get     server: 'CouchDB/1.5.0 (Erlang OTP/R16B03)',
64 silly registry.get     'content-type': 'application/json',
64 silly registry.get     'cache-control': 'max-age=0',
64 silly registry.get     'content-length': '51',
64 silly registry.get     'accept-ranges': 'bytes',
64 silly registry.get     via: '1.1 varnish',
64 silly registry.get     age: '0',
64 silly registry.get     'x-served-by': 'cache-lcy1133-LCY',
64 silly registry.get     'x-cache': 'MISS',
64 silly registry.get     'x-cache-hits': '0',
64 silly registry.get     'x-timer': 'S1427886930.908681,VS0,VE162',
64 silly registry.get     'keep-alive': 'timeout=10, max=50',
64 silly registry.get     connection: 'Keep-Alive' } ]
65 silly lockFile 3f03123a-cookie-parser cookie-parser,@
66 silly lockFile 3f03123a-cookie-parser cookie-parser,@
67 http 200 https://registry.npmjs.org/express-session/-/express-session-1.10.4.tgz
68 silly lockFile 783398c5-ssion-express-session-1-10-4-tgz https://registry.npmjs.org/express-session/-/express-session-1.10.4.tgz
69 silly lockFile 783398c5-ssion-express-session-1-10-4-tgz https://registry.npmjs.org/express-session/-/express-session-1.10.4.tgz
70 silly lockFile e9a6042f-express-session-1-10-4 express-session@1.10.4
71 silly lockFile e9a6042f-express-session-1-10-4 express-session@1.10.4
72 silly lockFile 03cac062-express-session express-session@
73 silly lockFile 03cac062-express-session express-session@
74 error 404 404 Not Found: cookie-parser%2C
74 error 404
74 error 404 'cookie-parser%2C' is not in the npm registry.
74 error 404 You should bug the author to publish it
74 error 404 It was specified as a dependency of 'Logtimize'
74 error 404
74 error 404 Note that you can also install from a
74 error 404 tarball, folder, or http url, or git url.
75 error System Linux 3.14.13-c9
76 error command "/home/ubuntu/.nvm/v0.10.33/bin/node" "/home/ubuntu/.nvm/v0.10.33/bin/npm" "install" "cookie-parser," "express-session" "--save"
77 error cwd /home/ubuntu/workspace
78 error node -v v0.10.33
79 error npm -v 1.4.28
80 error code E404
81 verbose exit [ 1, true ]
